<?xml version="1.0" encoding="UTF-8"?>
<testng-results skipped="0" failed="0" ignored="0" total="1" passed="1">
  <reporter-output>
  </reporter-output>
  <suite name="Default suite" duration-ms="58" started-at="2020-11-27T19:56:52 IST" finished-at="2020-11-27T19:56:52 IST">
    <groups>
    </groups>
    <test name="Default test" duration-ms="58" started-at="2020-11-27T19:56:52 IST" finished-at="2020-11-27T19:56:52 IST">
      <class name="sdet.week10.assessment.FW_MatchingSubarray">
        <test-method status="PASS" signature="example1()[pri:0, instance:sdet.week10.assessment.FW_MatchingSubarray@4f970963]" name="example1" duration-ms="13" started-at="2020-11-27T19:56:52 IST" finished-at="2020-11-27T19:56:52 IST">
          <reporter-output>
          </reporter-output>
        </test-method> <!-- example1 -->
      </class> <!-- sdet.week10.assessment.FW_MatchingSubarray -->
    </test> <!-- Default test -->
  </suite> <!-- Default suite -->
</testng-results>
